<?xml version="1.0" encoding="UTF-8"?>
<testsuite name="Basic test TechDay" tests="1" skipped="0" failures="0" errors="0" timestamp="2023-05-11T07:32:55" hostname="at" time="5.837">
  <properties/>
  <testcase name="As a user I test the basic options of menu" classname="Basic test TechDay" time="5.837"/>
  <system-out><![CDATA[]]></system-out>
  <system-err><![CDATA[SLF4J: Failed to load class "org.slf4j.impl.StaticLoggerBinder".
SLF4J: Defaulting to no-operation (NOP) logger implementation
SLF4J: See http://www.slf4j.org/codes.html#StaticLoggerBinder for further details.
Starting ChromeDriver 111.0.5563.64 (c710e93d5b63b7095afe8c2c17df34408078439d-refs/branch-heads/5563@{#995}) on port 25341
Only local connections are allowed.
Please see https://chromedriver.chromium.org/security-considerations for suggestions on keeping ChromeDriver safe.
ChromeDriver was started successfully.
may. 11, 2023 9:32:56 A. M. org.openqa.selenium.devtools.CdpVersionFinder findNearestMatch
ADVERTENCIA: Unable to find an exact match for CDP version 111, so returning the closest version found: 108
]]></system-err>
</testsuite>
